2026-07-23 22:33:28.838
                INFO 
                [restartedMain]
                c.r.f.FlightbookingApplication
                - Starting FlightbookingApplication using Java 21.0.10 with PID 7428 (C:\Users\Robin\Downloads\flightbooking\flightbooking\target\classes started by Robin in C:\Users\Robin\Downloads\flightbooking)
2026-07-23 22:33:28.841
                INFO 
                [restartedMain]
                c.r.f.FlightbookingApplication
                - No active profile set, falling back to 1 default profile: "default"
2026-07-23 22:33:28.932
                INFO 
                [restartedMain]
                o.s.b.d.e.DevToolsPropertyDefaultsPostProcessor
                - Devtools property defaults active! Set 'spring.devtools.add-properties' to 'false' to disable
2026-07-23 22:33:28.932
                INFO 
                [restartedMain]
                o.s.b.d.e.DevToolsPropertyDefaultsPostProcessor
                - For additional web related logging consider setting the 'logging.level.web' property to 'DEBUG'
2026-07-23 22:33:29.238
                INFO 
                [background-preinit]
                o.h.validator.internal.util.Version
                - HV000001: Hibernate Validator 9.1.0.Final
2026-07-23 22:33:30.282
                INFO 
                [restartedMain]
                o.s.d.r.c.RepositoryConfigurationDelegate
                - Bootstrapping Spring Data JPA repositories in DEFAULT mode.
2026-07-23 22:33:30.403
                INFO 
                [restartedMain]
                o.s.d.r.c.RepositoryConfigurationDelegate
                - Finished Spring Data repository scanning in 108 ms. Found 4 JPA repository interfaces.
2026-07-23 22:33:31.567
                INFO 
                [restartedMain]
                o.s.boot.tomcat.TomcatWebServer
                - Tomcat initialized with port 8080 (http)
2026-07-23 22:33:31.591
                INFO 
                [restartedMain]
                o.a.coyote.http11.Http11NioProtocol
                - Initializing ProtocolHandler ["http-nio-8080"]
2026-07-23 22:33:31.596
                INFO 
                [restartedMain]
                o.a.catalina.core.StandardService
                - Starting service [Tomcat]
2026-07-23 22:33:31.596
                INFO 
                [restartedMain]
                o.a.catalina.core.StandardEngine
                - Starting Servlet engine: [Apache Tomcat/11.0.22]
2026-07-23 22:33:31.683
                INFO 
                [restartedMain]
                o.s.b.w.c.s.WebApplicationContextInitializer
                - Root WebApplicationContext: initialization completed in 2751 ms
2026-07-23 22:33:31.993
                INFO 
                [restartedMain]
                org.hibernate.orm.jpa
                - HHH008540: Processing PersistenceUnitInfo [name: default]
2026-07-23 22:33:32.091
                INFO 
                [restartedMain]
                org.hibernate.orm.core
                - HHH000001: Hibernate ORM core version 7.4.1.Final
2026-07-23 22:33:32.959
                INFO 
                [restartedMain]
                o.s.o.j.p.SpringPersistenceUnitInfo
                - No LoadTimeWeaver setup: ignoring JPA class transformer
2026-07-23 22:33:33.025
                INFO 
                [restartedMain]
                com.zaxxer.hikari.HikariDataSource
                - HikariPool-1 - Starting...
2026-07-23 22:33:33.618
                INFO 
                [restartedMain]
                com.zaxxer.hikari.pool.HikariPool
                - HikariPool-1 - Added connection com.mysql.cj.jdbc.ConnectionImpl@4c79791f
2026-07-23 22:33:33.622
                INFO 
                [restartedMain]
                com.zaxxer.hikari.HikariDataSource
                - HikariPool-1 - Start completed.
2026-07-23 22:33:33.777
                INFO 
                [restartedMain]
                o.hibernate.orm.connections.pooling
                - HHH10001005: Database info:
	Database JDBC URL [jdbc:mysql://localhost:3306/flightbooking_system]
	Database driver: MySQL Connector/J
	Database dialect: MySQLDialect
	Database version: 8.0.43
	Default catalog/schema: flightbooking_system/undefined
	Autocommit mode: undefined/unknown
	Isolation level: REPEATABLE_READ [default REPEATABLE_READ]
	JDBC fetch size: none
	Pool: DataSourceConnectionProvider
	Minimum pool size: undefined/unknown
	Maximum pool size: undefined/unknown
2026-07-23 22:33:36.017
                INFO 
                [restartedMain]
                org.hibernate.orm.core
                - HHH000489: No JTA platform available (set 'hibernate.transaction.jta.platform' to enable JTA platform integration)
2026-07-23 22:33:36.157
                INFO 
                [restartedMain]
                o.s.o.j.LocalContainerEntityManagerFactoryBean
                - Initialized JPA EntityManagerFactory for persistence unit 'default'
2026-07-23 22:33:36.303
                INFO 
                [restartedMain]
                o.s.d.j.r.q.QueryEnhancerFactories
                - Hibernate is in classpath; If applicable, HQL parser will be used.
2026-07-23 22:33:36.641
                WARN 
                [restartedMain]
                o.s.b.j.a.JpaBaseConfiguration$JpaWebConfiguration
                - spring.jpa.open-in-view is enabled by default. Therefore, database queries may be performed during view rendering. Explicitly configure spring.jpa.open-in-view to disable this warning
2026-07-23 22:33:37.066
                INFO 
                [restartedMain]
                o.s.s.c.a.a.c.InitializeAuthenticationProviderBeanManagerConfigurer$InitializeAuthenticationProviderManagerConfigurer
                - Global AuthenticationManager configured with AuthenticationProvider bean with name authenticationProvider
2026-07-23 22:33:37.066
                WARN 
                [restartedMain]
                o.s.s.c.a.a.c.InitializeUserDetailsBeanManagerConfigurer$InitializeUserDetailsManagerConfigurer
                - Global AuthenticationManager configured with an AuthenticationProvider bean. UserDetailsService beans will not be used by Spring Security for automatically configuring username/password login. Consider removing the AuthenticationProvider bean. Alternatively, consider using the UserDetailsService in a manually instantiated DaoAuthenticationProvider. If the current configuration is intentional, to turn off this warning, increase the logging level of 'org.springframework.security.config.annotation.authentication.configuration.InitializeUserDetailsBeanManagerConfigurer' to ERROR
2026-07-23 22:33:38.155
                INFO 
                [restartedMain]
                o.a.coyote.http11.Http11NioProtocol
                - Starting ProtocolHandler ["http-nio-8080"]
2026-07-23 22:33:38.195
                INFO 
                [restartedMain]
                o.s.boot.tomcat.TomcatWebServer
                - Tomcat started on port 8080 (http) with context path '/'
2026-07-23 22:33:38.195
                INFO 
                [restartedMain]
                c.r.f.FlightbookingApplication
                - Started FlightbookingApplication in 10.362 seconds (process running for 11.351)
2026-07-23 22:34:16.637
                INFO 
                [http-nio-8080-exec-1]
                o.a.c.c.C.[Tomcat].[localhost].[/]
                - Initializing Spring DispatcherServlet 'dispatcherServlet'
2026-07-23 22:34:16.637
                INFO 
                [http-nio-8080-exec-1]
                o.s.web.servlet.DispatcherServlet
                - Initializing Servlet 'dispatcherServlet'
2026-07-23 22:34:16.639
                INFO 
                [http-nio-8080-exec-1]
                o.s.web.servlet.DispatcherServlet
                - Completed initialization in 2 ms
2026-07-23 22:34:16.873
                INFO 
                [http-nio-8080-exec-1]
                c.r.f.controller.AuthController
                - Login request for smidhi@gmail.com
2026-07-23 22:34:18.002
                TRACE
                [http-nio-8080-exec-1]
                org.hibernate.orm.jdbc.bind
                - binding parameter (1:VARCHAR) <- [smidhi@gmail.com]
2026-07-23 22:34:18.270
                TRACE
                [http-nio-8080-exec-1]
                org.hibernate.orm.jdbc.bind
                - binding parameter (1:VARCHAR) <- [8a62e844-dd1d-42bd-b87f-99462f03062e]
2026-07-23 22:34:18.378
                TRACE
                [http-nio-8080-exec-1]
                org.hibernate.orm.jdbc.bind
                - binding parameter (1:VARCHAR) <- [d66161eb-721a-4aac-978d-5caed8c245d7]
2026-07-23 22:34:18.423
                TRACE
                [http-nio-8080-exec-1]
                org.hibernate.orm.jdbc.bind
                - binding parameter (1:TIMESTAMP) <- [2026-07-30T22:34:18.401584800]
2026-07-23 22:34:18.423
                TRACE
                [http-nio-8080-exec-1]
                org.hibernate.orm.jdbc.bind
                - binding parameter (2:VARCHAR) <- [24c37040-376f-4dd3-82d1-b8587bea2678]
2026-07-23 22:34:18.423
                TRACE
                [http-nio-8080-exec-1]
                org.hibernate.orm.jdbc.bind
                - binding parameter (3:VARCHAR) <- [8a62e844-dd1d-42bd-b87f-99462f03062e]
2026-07-23 22:34:18.425
                TRACE
                [http-nio-8080-exec-1]
                org.hibernate.orm.jdbc.bind
                - binding parameter (4:VARCHAR) <- [f347a0f7-c73c-4bdb-9e8d-160c833fa293]
2026-07-23 22:34:18.758
                INFO 
                [http-nio-8080-exec-1]
                c.r.f.service.AuthService
                - User logged in with email: smidhi@gmail.com
2026-07-23 22:35:00.141
                INFO 
                [SpringApplicationShutdownHook]
                o.s.boot.tomcat.GracefulShutdown
                - Commencing graceful shutdown. Waiting for active requests to complete
2026-07-23 22:35:00.145
                INFO 
                [tomcat-shutdown]
                o.s.boot.tomcat.GracefulShutdown
                - Graceful shutdown complete
2026-07-23 22:35:00.150
                INFO 
                [SpringApplicationShutdownHook]
                o.s.o.j.LocalContainerEntityManagerFactoryBean
                - Closing JPA EntityManagerFactory for persistence unit 'default'
2026-07-23 22:35:00.153
                INFO 
                [SpringApplicationShutdownHook]
                com.zaxxer.hikari.HikariDataSource
                - HikariPool-1 - Shutdown initiated...
2026-07-23 22:35:00.160
                INFO 
                [SpringApplicationShutdownHook]
                com.zaxxer.hikari.HikariDataSource
                - HikariPool-1 - Shutdown completed.
2026-07-23 22:43:57.950 INFO  [restartedMain] c.r.f.FlightbookingApplication - Starting FlightbookingApplication using Java 21.0.10 with PID 3732 (C:\Users\Robin\Downloads\flightbooking\flightbooking\target\classes started by Robin in C:\Users\Robin\Downloads\flightbooking)
2026-07-23 22:43:57.950 DEBUG [restartedMain] c.r.f.FlightbookingApplication - Running with Spring Boot v4.1.0, Spring v7.0.8
2026-07-23 22:43:57.950 INFO  [restartedMain] c.r.f.FlightbookingApplication - No active profile set, falling back to 1 default profile: "default"
2026-07-23 22:43:57.997 INFO  [background-preinit] o.h.validator.internal.util.Version - HV000001: Hibernate Validator 9.1.0.Final
2026-07-23 22:43:57.999 INFO  [restartedMain] o.s.b.d.e.DevToolsPropertyDefaultsPostProcessor - Devtools property defaults active! Set 'spring.devtools.add-properties' to 'false' to disable
2026-07-23 22:43:58.000 INFO  [restartedMain] o.s.b.d.e.DevToolsPropertyDefaultsPostProcessor - For additional web related logging consider setting the 'logging.level.web' property to 'DEBUG'
2026-07-23 22:43:58.506 INFO  [restartedMain] o.s.d.r.c.RepositoryConfigurationDelegate - Bootstrapping Spring Data JPA repositories in DEFAULT mode.
2026-07-23 22:43:58.556 INFO  [restartedMain] o.s.d.r.c.RepositoryConfigurationDelegate - Finished Spring Data repository scanning in 42 ms. Found 4 JPA repository interfaces.
2026-07-23 22:43:59.115 INFO  [restartedMain] o.s.boot.tomcat.TomcatWebServer - Tomcat initialized with port 8080 (http)
2026-07-23 22:43:59.127 INFO  [restartedMain] o.a.coyote.http11.Http11NioProtocol - Initializing ProtocolHandler ["http-nio-8080"]
2026-07-23 22:43:59.131 INFO  [restartedMain] o.a.catalina.core.StandardService - Starting service [Tomcat]
2026-07-23 22:43:59.131 INFO  [restartedMain] o.a.catalina.core.StandardEngine - Starting Servlet engine: [Apache Tomcat/11.0.22]
2026-07-23 22:43:59.175 INFO  [restartedMain] o.s.b.w.c.s.WebApplicationContextInitializer - Root WebApplicationContext: initialization completed in 1175 ms
2026-07-23 22:43:59.331 INFO  [restartedMain] org.hibernate.orm.jpa - HHH008540: Processing PersistenceUnitInfo [name: default]
2026-07-23 22:43:59.404 INFO  [restartedMain] org.hibernate.orm.core - HHH000001: Hibernate ORM core version 7.4.1.Final
2026-07-23 22:43:59.834 INFO  [restartedMain] o.s.o.j.p.SpringPersistenceUnitInfo - No LoadTimeWeaver setup: ignoring JPA class transformer
2026-07-23 22:43:59.870 INFO  [restartedMain] com.zaxxer.hikari.HikariDataSource - HikariPool-1 - Starting...
2026-07-23 22:44:00.184 INFO  [restartedMain] com.zaxxer.hikari.pool.HikariPool - HikariPool-1 - Added connection com.mysql.cj.jdbc.ConnectionImpl@27f8b74
2026-07-23 22:44:00.184 INFO  [restartedMain] com.zaxxer.hikari.HikariDataSource - HikariPool-1 - Start completed.
2026-07-23 22:44:00.276 INFO  [restartedMain] o.hibernate.orm.connections.pooling - HHH10001005: Database info:
	Database JDBC URL [jdbc:mysql://localhost:3306/flightbooking_system]
	Database driver: MySQL Connector/J
	Database dialect: MySQLDialect
	Database version: 8.0.43
	Default catalog/schema: flightbooking_system/undefined
	Autocommit mode: undefined/unknown
	Isolation level: REPEATABLE_READ [default REPEATABLE_READ]
	JDBC fetch size: none
	Pool: DataSourceConnectionProvider
	Minimum pool size: undefined/unknown
	Maximum pool size: undefined/unknown
2026-07-23 22:44:01.494 INFO  [restartedMain] org.hibernate.orm.core - HHH000489: No JTA platform available (set 'hibernate.transaction.jta.platform' to enable JTA platform integration)
2026-07-23 22:44:01.570 INFO  [restartedMain] o.s.o.j.LocalContainerEntityManagerFactoryBean - Initialized JPA EntityManagerFactory for persistence unit 'default'
2026-07-23 22:44:01.648 INFO  [restartedMain] o.s.d.j.r.q.QueryEnhancerFactories - Hibernate is in classpath; If applicable, HQL parser will be used.
2026-07-23 22:44:01.837 WARN  [restartedMain] o.s.b.j.a.JpaBaseConfiguration$JpaWebConfiguration - spring.jpa.open-in-view is enabled by default. Therefore, database queries may be performed during view rendering. Explicitly configure spring.jpa.open-in-view to disable this warning
2026-07-23 22:44:02.006 DEBUG [restartedMain] c.r.f.filter.JwtAuthFilter - Filter 'jwtAuthFilter' configured for use
2026-07-23 22:44:02.061 INFO  [restartedMain] o.s.s.c.a.a.c.InitializeAuthenticationProviderBeanManagerConfigurer$InitializeAuthenticationProviderManagerConfigurer - Global AuthenticationManager configured with AuthenticationProvider bean with name authenticationProvider
2026-07-23 22:44:02.062 WARN  [restartedMain] o.s.s.c.a.a.c.InitializeUserDetailsBeanManagerConfigurer$InitializeUserDetailsManagerConfigurer - Global AuthenticationManager configured with an AuthenticationProvider bean. UserDetailsService beans will not be used by Spring Security for automatically configuring username/password login. Consider removing the AuthenticationProvider bean. Alternatively, consider using the UserDetailsService in a manually instantiated DaoAuthenticationProvider. If the current configuration is intentional, to turn off this warning, increase the logging level of 'org.springframework.security.config.annotation.authentication.configuration.InitializeUserDetailsBeanManagerConfigurer' to ERROR
2026-07-23 22:44:02.651 INFO  [restartedMain] o.a.coyote.http11.Http11NioProtocol - Starting ProtocolHandler ["http-nio-8080"]
2026-07-23 22:44:02.668 INFO  [restartedMain] o.s.boot.tomcat.TomcatWebServer - Tomcat started on port 8080 (http) with context path '/'
2026-07-23 22:44:02.668 INFO  [restartedMain] c.r.f.FlightbookingApplication - Started FlightbookingApplication in 5.177 seconds (process running for 5.522)
2026-07-23 22:45:00.609 INFO  [SpringApplicationShutdownHook] o.s.boot.tomcat.GracefulShutdown - Commencing graceful shutdown. Waiting for active requests to complete
2026-07-23 22:45:00.609 INFO  [tomcat-shutdown] o.s.boot.tomcat.GracefulShutdown - Graceful shutdown complete
2026-07-23 22:45:00.609 INFO  [SpringApplicationShutdownHook] o.s.o.j.LocalContainerEntityManagerFactoryBean - Closing JPA EntityManagerFactory for persistence unit 'default'
2026-07-23 22:45:00.618 INFO  [SpringApplicationShutdownHook] com.zaxxer.hikari.HikariDataSource - HikariPool-1 - Shutdown initiated...
2026-07-23 22:45:00.622 INFO  [SpringApplicationShutdownHook] com.zaxxer.hikari.HikariDataSource - HikariPool-1 - Shutdown completed.
